INFO 2025-10-23 09:48:12 [django.utils.autoreload] Watching for file changes with StatReloader
INFO 2025-10-23 09:49:48 [django.utils.autoreload] C:\Users\Roberto\.vscode\mapagov\processos\domain\helena_produtos\helena_etapas.py changed, reloading.
[DATABASE] Usando SQLite (desenvolvimento local)
[DEBUG] Modo DEBUG ativo - Sentry desabilitado
[FULL MODE] Todos os produtos Helena habilitados
[REDIS] Indisponível (Timeout connecting to server). Usando cache em memória (modo degradado)
    Para produção, instale: pip install redis django-redis
    E configure: export REDIS_HOST=localhost REDIS_PORT=6379
Performing system checks...

System check identified no issues (0 silenced).
October 23, 2025 - 09:48:14
Django version 5.2.6, using settings 'mapagov.settings'
Starting development server at http://0.0.0.0:8000/
Quit the server with CTRL-BREAK.

WARNING: This is a development server. Do not use it in a production setting. Use a production WSGI or ASGI server instead.
For more information on production servers see: https://docs.djangoproject.com/en/5.2/howto/deployment/
INFO 2025-10-23 09:50:11 [django.utils.autoreload] Watching for file changes with StatReloader
DEBUG 2025-10-23 09:50:14 [processos.infra.rls_middleware] SQLite detectado - RLS não disponível (normal em desenvolvimento)
WARNING 2025-10-23 09:50:14 [django.server] "POST /api/pop-autosave/ HTTP/1.1" 404 7269
INFO 2025-10-23 09:50:18 [django.utils.autoreload] C:\Users\Roberto\.vscode\mapagov\processos\domain\helena_produtos\helena_etapas.py changed, reloading.
[DATABASE] Usando SQLite (desenvolvimento local)
[DEBUG] Modo DEBUG ativo - Sentry desabilitado
[FULL MODE] Todos os produtos Helena habilitados
[REDIS] Indisponível (Timeout connecting to server). Usando cache em memória (modo degradado)
    Para produção, instale: pip install redis django-redis
    E configure: export REDIS_HOST=localhost REDIS_PORT=6379
Performing system checks...

System check identified no issues (0 silenced).
October 23, 2025 - 09:50:13
Django version 5.2.6, using settings 'mapagov.settings'
Starting development server at http://0.0.0.0:8000/
Quit the server with CTRL-BREAK.

WARNING: This is a development server. Do not use it in a production setting. Use a production WSGI or ASGI server instead.
For more information on production servers see: https://docs.djangoproject.com/en/5.2/howto/deployment/
INFO 2025-10-23 09:50:40 [django.utils.autoreload] Watching for file changes with StatReloader
INFO 2025-10-23 10:02:09 [django.utils.autoreload] C:\Users\Roberto\.vscode\mapagov\processos\api\chat_api.py changed, reloading.
[DATABASE] Usando SQLite (desenvolvimento local)
[DEBUG] Modo DEBUG ativo - Sentry desabilitado
[FULL MODE] Todos os produtos Helena habilitados
[REDIS] Indisponível (Timeout connecting to server). Usando cache em memória (modo degradado)
    Para produção, instale: pip install redis django-redis
    E configure: export REDIS_HOST=localhost REDIS_PORT=6379
Performing system checks...

System check identified no issues (0 silenced).
October 23, 2025 - 09:50:42
Django version 5.2.6, using settings 'mapagov.settings'
Starting development server at http://0.0.0.0:8000/
Quit the server with CTRL-BREAK.

WARNING: This is a development server. Do not use it in a production setting. Use a production WSGI or ASGI server instead.
For more information on production servers see: https://docs.djangoproject.com/en/5.2/howto/deployment/
INFO 2025-10-23 10:02:29 [django.utils.autoreload] Watching for file changes with StatReloader
Exception in thread django-main-thread:
Traceback (most recent call last):
  File "C:\Users\Roberto\AppData\Local\Programs\Python\Python313\Lib\threading.py", line 1043, in _bootstrap_inner
    self.run()
    ~~~~~~~~^^
  File "C:\Users\Roberto\AppData\Local\Programs\Python\Python313\Lib\threading.py", line 994, in run
    self._target(*self._args, **self._kwargs)
    ~~~~~~~~~~~~^^^^^^^^^^^^^^^^^^^^^^^^^^^^^
  File "C:\Users\Roberto\AppData\Local\Programs\Python\Python313\Lib\site-packages\django\utils\autoreload.py", line 64, in wrapper
    fn(*args, **kwargs)
    ~~^^^^^^^^^^^^^^^^^
  File "C:\Users\Roberto\AppData\Local\Programs\Python\Python313\Lib\site-packages\django\core\management\commands\runserver.py", line 134, in inner_run
    self.check(**check_kwargs)
    ~~~~~~~~~~^^^^^^^^^^^^^^^^
  File "C:\Users\Roberto\AppData\Local\Programs\Python\Python313\Lib\site-packages\django\core\management\base.py", line 492, in check
    all_issues = checks.run_checks(
        app_configs=app_configs,
    ...<2 lines>...
        databases=databases,
    )
  File "C:\Users\Roberto\AppData\Local\Programs\Python\Python313\Lib\site-packages\django\core\checks\registry.py", line 89, in run_checks
    new_errors = check(app_configs=app_configs, databases=databases)
  File "C:\Users\Roberto\AppData\Local\Programs\Python\Python313\Lib\site-packages\django\core\checks\urls.py", line 16, in check_url_config
    return check_resolver(resolver)
  File "C:\Users\Roberto\AppData\Local\Programs\Python\Python313\Lib\site-packages\django\core\checks\urls.py", line 26, in check_resolver
    return check_method()
  File "C:\Users\Roberto\AppData\Local\Programs\Python\Python313\Lib\site-packages\django\urls\resolvers.py", line 531, in check
    for pattern in self.url_patterns:
                   ^^^^^^^^^^^^^^^^^
  File "C:\Users\Roberto\AppData\Local\Programs\Python\Python313\Lib\site-packages\django\utils\functional.py", line 47, in __get__
    res = instance.__dict__[self.name] = self.func(instance)
                                         ~~~~~~~~~^^^^^^^^^^
  File "C:\Users\Roberto\AppData\Local\Programs\Python\Python313\Lib\site-packages\django\urls\resolvers.py", line 718, in url_patterns
    patterns = getattr(self.urlconf_module, "urlpatterns", self.urlconf_module)
                       ^^^^^^^^^^^^^^^^^^^
  File "C:\Users\Roberto\AppData\Local\Programs\Python\Python313\Lib\site-packages\django\utils\functional.py", line 47, in __get__
    res = instance.__dict__[self.name] = self.func(instance)
                                         ~~~~~~~~~^^^^^^^^^^
  File "C:\Users\Roberto\AppData\Local\Programs\Python\Python313\Lib\site-packages\django\urls\resolvers.py", line 711, in urlconf_module
    return import_module(self.urlconf_name)
  File "C:\Users\Roberto\AppData\Local\Programs\Python\Python313\Lib\importlib\__init__.py", line 88, in import_module
    return _bootstrap._gcd_import(name[level:], package, level)
           ~~~~~~~~~~~~~~~~~~~~~~^^^^^^^^^^^^^^^^^^^^^^^^^^^^^^
  File "<frozen importlib._bootstrap>", line 1387, in _gcd_import
  File "<frozen importlib._bootstrap>", line 1360, in _find_and_load
  File "<frozen importlib._bootstrap>", line 1331, in _find_and_load_unlocked
  File "<frozen importlib._bootstrap>", line 935, in _load_unlocked
  File "<frozen importlib._bootstrap_external>", line 1026, in exec_module
  File "<frozen importlib._bootstrap>", line 488, in _call_with_frames_removed
  File "C:\Users\Roberto\.vscode\mapagov\mapagov\urls.py", line 10, in <module>
    path('', include('processos.urls')),  # Inclui URLs do app processos na raiz
             ~~~~~~~^^^^^^^^^^^^^^^^^^
  File "C:\Users\Roberto\AppData\Local\Programs\Python\Python313\Lib\site-packages\django\urls\conf.py", line 39, in include
    urlconf_module = import_module(urlconf_module)
  File "C:\Users\Roberto\AppData\Local\Programs\Python\Python313\Lib\importlib\__init__.py", line 88, in import_module
    return _bootstrap._gcd_import(name[level:], package, level)
           ~~~~~~~~~~~~~~~~~~~~~~^^^^^^^^^^^^^^^^^^^^^^^^^^^^^^
  File "<frozen importlib._bootstrap>", line 1387, in _gcd_import
  File "<frozen importlib._bootstrap>", line 1360, in _find_and_load
  File "<frozen importlib._bootstrap>", line 1331, in _find_and_load_unlocked
  File "<frozen importlib._bootstrap>", line 935, in _load_unlocked
  File "<frozen importlib._bootstrap_external>", line 1026, in exec_module
  File "<frozen importlib._bootstrap>", line 488, in _call_with_frames_removed
  File "C:\Users\Roberto\.vscode\mapagov\processos\urls.py", line 6, in <module>
    from processos.api import chat_api  # FASE 1 - Nova API
    ^^^^^^^^^^^^^^^^^^^^^^^^^^^^^^^^^^
  File "C:\Users\Roberto\.vscode\mapagov\processos\api\chat_api.py", line 17, in <module>
    from processos.domain.helena_produtos.helena_pop import HelenaPOP
  File "C:\Users\Roberto\.vscode\mapagov\processos\domain\helena_produtos\helena_pop.py", line 16, in <module>
    from .domain.enums import EstadoConversacao, RespostaSN, EstadoEtapa, TipoInterface
ModuleNotFoundError: No module named 'processos.domain.helena_produtos.domain'
INFO 2025-10-23 10:05:03 [django.utils.autoreload] C:\Users\Roberto\.vscode\mapagov\processos\models_new\chat_session.py changed, reloading.
[DATABASE] Usando SQLite (desenvolvimento local)
[DEBUG] Modo DEBUG ativo - Sentry desabilitado
[FULL MODE] Todos os produtos Helena habilitados
[REDIS] Indisponível (Timeout connecting to server). Usando cache em memória (modo degradado)
    Para produção, instale: pip install redis django-redis
    E configure: export REDIS_HOST=localhost REDIS_PORT=6379
Performing system checks...

INFO 2025-10-23 10:05:29 [django.utils.autoreload] Watching for file changes with StatReloader
INFO 2025-10-23 10:07:20 [django.utils.autoreload] C:\Users\Roberto\.vscode\mapagov\processos\api\chat_api.py changed, reloading.
[DATABASE] Usando SQLite (desenvolvimento local)
[DEBUG] Modo DEBUG ativo - Sentry desabilitado
[FULL MODE] Todos os produtos Helena habilitados
[REDIS] Indisponível (Timeout connecting to server). Usando cache em memória (modo degradado)
    Para produção, instale: pip install redis django-redis
    E configure: export REDIS_HOST=localhost REDIS_PORT=6379
Performing system checks...

System check identified no issues (0 silenced).
October 23, 2025 - 10:05:31
Django version 5.2.6, using settings 'mapagov.settings'
Starting development server at http://0.0.0.0:8000/
Quit the server with CTRL-BREAK.

WARNING: This is a development server. Do not use it in a production setting. Use a production WSGI or ASGI server instead.
For more information on production servers see: https://docs.djangoproject.com/en/5.2/howto/deployment/
INFO 2025-10-23 10:07:44 [django.utils.autoreload] Watching for file changes with StatReloader
Exception in thread django-main-thread:
Traceback (most recent call last):
  File "C:\Users\Roberto\AppData\Local\Programs\Python\Python313\Lib\threading.py", line 1043, in _bootstrap_inner
    self.run()
    ~~~~~~~~^^
  File "C:\Users\Roberto\AppData\Local\Programs\Python\Python313\Lib\threading.py", line 994, in run
    self._target(*self._args, **self._kwargs)
    ~~~~~~~~~~~~^^^^^^^^^^^^^^^^^^^^^^^^^^^^^
  File "C:\Users\Roberto\AppData\Local\Programs\Python\Python313\Lib\site-packages\django\utils\autoreload.py", line 64, in wrapper
    fn(*args, **kwargs)
    ~~^^^^^^^^^^^^^^^^^
  File "C:\Users\Roberto\AppData\Local\Programs\Python\Python313\Lib\site-packages\django\core\management\commands\runserver.py", line 134, in inner_run
    self.check(**check_kwargs)
    ~~~~~~~~~~^^^^^^^^^^^^^^^^
  File "C:\Users\Roberto\AppData\Local\Programs\Python\Python313\Lib\site-packages\django\core\management\base.py", line 492, in check
    all_issues = checks.run_checks(
        app_configs=app_configs,
    ...<2 lines>...
        databases=databases,
    )
  File "C:\Users\Roberto\AppData\Local\Programs\Python\Python313\Lib\site-packages\django\core\checks\registry.py", line 89, in run_checks
    new_errors = check(app_configs=app_configs, databases=databases)
  File "C:\Users\Roberto\AppData\Local\Programs\Python\Python313\Lib\site-packages\django\core\checks\urls.py", line 16, in check_url_config
    return check_resolver(resolver)
  File "C:\Users\Roberto\AppData\Local\Programs\Python\Python313\Lib\site-packages\django\core\checks\urls.py", line 26, in check_resolver
    return check_method()
  File "C:\Users\Roberto\AppData\Local\Programs\Python\Python313\Lib\site-packages\django\urls\resolvers.py", line 531, in check
    for pattern in self.url_patterns:
                   ^^^^^^^^^^^^^^^^^
  File "C:\Users\Roberto\AppData\Local\Programs\Python\Python313\Lib\site-packages\django\utils\functional.py", line 47, in __get__
    res = instance.__dict__[self.name] = self.func(instance)
                                         ~~~~~~~~~^^^^^^^^^^
  File "C:\Users\Roberto\AppData\Local\Programs\Python\Python313\Lib\site-packages\django\urls\resolvers.py", line 718, in url_patterns
    patterns = getattr(self.urlconf_module, "urlpatterns", self.urlconf_module)
                       ^^^^^^^^^^^^^^^^^^^
  File "C:\Users\Roberto\AppData\Local\Programs\Python\Python313\Lib\site-packages\django\utils\functional.py", line 47, in __get__
    res = instance.__dict__[self.name] = self.func(instance)
                                         ~~~~~~~~~^^^^^^^^^^
  File "C:\Users\Roberto\AppData\Local\Programs\Python\Python313\Lib\site-packages\django\urls\resolvers.py", line 711, in urlconf_module
    return import_module(self.urlconf_name)
  File "C:\Users\Roberto\AppData\Local\Programs\Python\Python313\Lib\importlib\__init__.py", line 88, in import_module
    return _bootstrap._gcd_import(name[level:], package, level)
           ~~~~~~~~~~~~~~~~~~~~~~^^^^^^^^^^^^^^^^^^^^^^^^^^^^^^
  File "<frozen importlib._bootstrap>", line 1387, in _gcd_import
  File "<frozen importlib._bootstrap>", line 1360, in _find_and_load
  File "<frozen importlib._bootstrap>", line 1331, in _find_and_load_unlocked
  File "<frozen importlib._bootstrap>", line 935, in _load_unlocked
  File "<frozen importlib._bootstrap_external>", line 1026, in exec_module
  File "<frozen importlib._bootstrap>", line 488, in _call_with_frames_removed
  File "C:\Users\Roberto\.vscode\mapagov\mapagov\urls.py", line 10, in <module>
    path('', include('processos.urls')),  # Inclui URLs do app processos na raiz
             ~~~~~~~^^^^^^^^^^^^^^^^^^
  File "C:\Users\Roberto\AppData\Local\Programs\Python\Python313\Lib\site-packages\django\urls\conf.py", line 39, in include
    urlconf_module = import_module(urlconf_module)
  File "C:\Users\Roberto\AppData\Local\Programs\Python\Python313\Lib\importlib\__init__.py", line 88, in import_module
    return _bootstrap._gcd_import(name[level:], package, level)
           ~~~~~~~~~~~~~~~~~~~~~~^^^^^^^^^^^^^^^^^^^^^^^^^^^^^^
  File "<frozen importlib._bootstrap>", line 1387, in _gcd_import
  File "<frozen importlib._bootstrap>", line 1360, in _find_and_load
  File "<frozen importlib._bootstrap>", line 1331, in _find_and_load_unlocked
  File "<frozen importlib._bootstrap>", line 935, in _load_unlocked
  File "<frozen importlib._bootstrap_external>", line 1026, in exec_module
  File "<frozen importlib._bootstrap>", line 488, in _call_with_frames_removed
  File "C:\Users\Roberto\.vscode\mapagov\processos\urls.py", line 6, in <module>
    from processos.api import chat_api  # FASE 1 - Nova API
    ^^^^^^^^^^^^^^^^^^^^^^^^^^^^^^^^^^
  File "C:\Users\Roberto\.vscode\mapagov\processos\api\chat_api.py", line 17, in <module>
    from processos.domain.helena_produtos.helena_pop import HelenaPOP
  File "C:\Users\Roberto\.vscode\mapagov\processos\domain\helena_produtos\helena_pop.py", line 20, in <module>
    from processos.domain.helena_produtos.app.adapters import adapter_etapas_ui
  File "C:\Users\Roberto\.vscode\mapagov\processos\domain\helena_produtos\app\__init__.py", line 4, in <module>
    from .adapters import adapter_etapas_ui
  File "C:\Users\Roberto\.vscode\mapagov\processos\domain\helena_produtos\app\adapters.py", line 5, in <module>
    from ..domain.enums import TipoInterface
ModuleNotFoundError: No module named 'processos.domain.helena_produtos.domain'
INFO 2025-10-23 10:08:06 [django.utils.autoreload] C:\Users\Roberto\.vscode\mapagov\processos\models_new\chat_session.py changed, reloading.
[DATABASE] Usando SQLite (desenvolvimento local)
[DEBUG] Modo DEBUG ativo - Sentry desabilitado
[FULL MODE] Todos os produtos Helena habilitados
[REDIS] Indisponível (Timeout connecting to server). Usando cache em memória (modo degradado)
    Para produção, instale: pip install redis django-redis
    E configure: export REDIS_HOST=localhost REDIS_PORT=6379
Performing system checks...

INFO 2025-10-23 10:08:29 [django.utils.autoreload] Watching for file changes with StatReloader
Exception in thread django-main-thread:
Traceback (most recent call last):
  File "C:\Users\Roberto\AppData\Local\Programs\Python\Python313\Lib\threading.py", line 1043, in _bootstrap_inner
    self.run()
    ~~~~~~~~^^
  File "C:\Users\Roberto\AppData\Local\Programs\Python\Python313\Lib\threading.py", line 994, in run
    self._target(*self._args, **self._kwargs)
    ~~~~~~~~~~~~^^^^^^^^^^^^^^^^^^^^^^^^^^^^^
  File "C:\Users\Roberto\AppData\Local\Programs\Python\Python313\Lib\site-packages\django\utils\autoreload.py", line 64, in wrapper
    fn(*args, **kwargs)
    ~~^^^^^^^^^^^^^^^^^
  File "C:\Users\Roberto\AppData\Local\Programs\Python\Python313\Lib\site-packages\django\core\management\commands\runserver.py", line 134, in inner_run
    self.check(**check_kwargs)
    ~~~~~~~~~~^^^^^^^^^^^^^^^^
  File "C:\Users\Roberto\AppData\Local\Programs\Python\Python313\Lib\site-packages\django\core\management\base.py", line 492, in check
    all_issues = checks.run_checks(
        app_configs=app_configs,
    ...<2 lines>...
        databases=databases,
    )
  File "C:\Users\Roberto\AppData\Local\Programs\Python\Python313\Lib\site-packages\django\core\checks\registry.py", line 89, in run_checks
    new_errors = check(app_configs=app_configs, databases=databases)
  File "C:\Users\Roberto\AppData\Local\Programs\Python\Python313\Lib\site-packages\django\core\checks\urls.py", line 16, in check_url_config
    return check_resolver(resolver)
  File "C:\Users\Roberto\AppData\Local\Programs\Python\Python313\Lib\site-packages\django\core\checks\urls.py", line 26, in check_resolver
    return check_method()
  File "C:\Users\Roberto\AppData\Local\Programs\Python\Python313\Lib\site-packages\django\urls\resolvers.py", line 531, in check
    for pattern in self.url_patterns:
                   ^^^^^^^^^^^^^^^^^
  File "C:\Users\Roberto\AppData\Local\Programs\Python\Python313\Lib\site-packages\django\utils\functional.py", line 47, in __get__
    res = instance.__dict__[self.name] = self.func(instance)
                                         ~~~~~~~~~^^^^^^^^^^
  File "C:\Users\Roberto\AppData\Local\Programs\Python\Python313\Lib\site-packages\django\urls\resolvers.py", line 718, in url_patterns
    patterns = getattr(self.urlconf_module, "urlpatterns", self.urlconf_module)
                       ^^^^^^^^^^^^^^^^^^^
  File "C:\Users\Roberto\AppData\Local\Programs\Python\Python313\Lib\site-packages\django\utils\functional.py", line 47, in __get__
    res = instance.__dict__[self.name] = self.func(instance)
                                         ~~~~~~~~~^^^^^^^^^^
  File "C:\Users\Roberto\AppData\Local\Programs\Python\Python313\Lib\site-packages\django\urls\resolvers.py", line 711, in urlconf_module
    return import_module(self.urlconf_name)
  File "C:\Users\Roberto\AppData\Local\Programs\Python\Python313\Lib\importlib\__init__.py", line 88, in import_module
    return _bootstrap._gcd_import(name[level:], package, level)
           ~~~~~~~~~~~~~~~~~~~~~~^^^^^^^^^^^^^^^^^^^^^^^^^^^^^^
  File "<frozen importlib._bootstrap>", line 1387, in _gcd_import
  File "<frozen importlib._bootstrap>", line 1360, in _find_and_load
  File "<frozen importlib._bootstrap>", line 1331, in _find_and_load_unlocked
  File "<frozen importlib._bootstrap>", line 935, in _load_unlocked
  File "<frozen importlib._bootstrap_external>", line 1026, in exec_module
  File "<frozen importlib._bootstrap>", line 488, in _call_with_frames_removed
  File "C:\Users\Roberto\.vscode\mapagov\mapagov\urls.py", line 10, in <module>
    path('', include('processos.urls')),  # Inclui URLs do app processos na raiz
             ~~~~~~~^^^^^^^^^^^^^^^^^^
  File "C:\Users\Roberto\AppData\Local\Programs\Python\Python313\Lib\site-packages\django\urls\conf.py", line 39, in include
    urlconf_module = import_module(urlconf_module)
  File "C:\Users\Roberto\AppData\Local\Programs\Python\Python313\Lib\importlib\__init__.py", line 88, in import_module
    return _bootstrap._gcd_import(name[level:], package, level)
           ~~~~~~~~~~~~~~~~~~~~~~^^^^^^^^^^^^^^^^^^^^^^^^^^^^^^
  File "<frozen importlib._bootstrap>", line 1387, in _gcd_import
  File "<frozen importlib._bootstrap>", line 1360, in _find_and_load
  File "<frozen importlib._bootstrap>", line 1331, in _find_and_load_unlocked
  File "<frozen importlib._bootstrap>", line 935, in _load_unlocked
  File "<frozen importlib._bootstrap_external>", line 1026, in exec_module
  File "<frozen importlib._bootstrap>", line 488, in _call_with_frames_removed
  File "C:\Users\Roberto\.vscode\mapagov\processos\urls.py", line 6, in <module>
    from processos.api import chat_api  # FASE 1 - Nova API
    ^^^^^^^^^^^^^^^^^^^^^^^^^^^^^^^^^^
  File "C:\Users\Roberto\.vscode\mapagov\processos\api\chat_api.py", line 17, in <module>
    from processos.domain.helena_produtos.helena_pop import HelenaPOP
  File "C:\Users\Roberto\.vscode\mapagov\processos\domain\helena_produtos\helena_pop.py", line 20, in <module>
    from processos.domain.helena_produtos.app.adapters import adapter_etapas_ui
  File "C:\Users\Roberto\.vscode\mapagov\processos\domain\helena_produtos\app\__init__.py", line 4, in <module>
    from .adapters import adapter_etapas_ui
  File "C:\Users\Roberto\.vscode\mapagov\processos\domain\helena_produtos\app\adapters.py", line 5, in <module>
    from ..domain.enums import TipoInterface
ModuleNotFoundError: No module named 'processos.domain.helena_produtos.domain'
INFO 2025-10-23 10:08:50 [django.utils.autoreload] C:\Users\Roberto\.vscode\mapagov\processos\domain\helena_produtos\app\adapters.py changed, reloading.
[DATABASE] Usando SQLite (desenvolvimento local)
[DEBUG] Modo DEBUG ativo - Sentry desabilitado
[FULL MODE] Todos os produtos Helena habilitados
[REDIS] Indisponível (Timeout connecting to server). Usando cache em memória (modo degradado)
    Para produção, instale: pip install redis django-redis
    E configure: export REDIS_HOST=localhost REDIS_PORT=6379
Performing system checks...

INFO 2025-10-23 10:09:19 [django.utils.autoreload] Watching for file changes with StatReloader
